/*C12*/SET SCHEMA PUBLIC
alter table recipe drop constraint FKixcghuaqx8t2ve3rgatfpb16h
alter table recipe drop constraint FKiv69vil5pa9qu1f44b3iu2isw
drop table doctor if exists
drop table patient if exists
drop table recipe if exists
create table doctor (id bigint generated by default as identity (start with 1), first_name varchar(255), last_name varchar(255), patronymic varchar(255), specialization varchar(255), primary key (id))
create table patient (id bigint generated by default as identity (start with 1), first_name varchar(255), last_name varchar(255), patronymic varchar(255), phone varchar(255), primary key (id))
create table recipe (id bigint generated by default as identity (start with 1), date date, description varchar(255), expiration_date date, priority integer, doctor_id bigint, patient_id bigint, primary key (id))
alter table recipe add constraint FKixcghuaqx8t2ve3rgatfpb16h foreign key (doctor_id) references doctor
alter table recipe add constraint FKiv69vil5pa9qu1f44b3iu2isw foreign key (patient_id) references patient
INSERT INTO DOCTOR VALUES(1,'Aleksey','Lukash','Olegovich','Psychiatrist')
COMMIT
INSERT INTO DOCTOR VALUES(2,'Aleksey','Makushkin','Maksimovich','Infectionist')
COMMIT
INSERT INTO DOCTOR VALUES(3,'Polina','Danilova','Alekseevna','Therapist')
COMMIT
INSERT INTO DOCTOR VALUES(4,'Danil','Examples','Vasilievich','Cardiologist')
COMMIT
INSERT INTO DOCTOR VALUES(5,'Maxim','Shmelev','Olegovich','Dentist')
COMMIT
INSERT INTO DOCTOR VALUES(6,'Eugene','Pushchensky','Dmitrievich','Chiropractor')
COMMIT
INSERT INTO DOCTOR VALUES(7,'Ignat','Abalkin','Olegovich','ENT doctor')
COMMIT
INSERT INTO PATIENT VALUES(1,'Igor','Lipavsky','Alekseevich','+ 79876715277')
COMMIT
INSERT INTO PATIENT VALUES(2,'Konstantin','Kharlov','Anatolyevich','+ 79664315281')
COMMIT
INSERT INTO PATIENT VALUES(3,'Julia','Unikova','Alekseevna','+ 79071316284')
COMMIT
INSERT INTO PATIENT VALUES(4,'Rene','Descartes','Sergeevich','+ 79837715387')
COMMIT
INSERT INTO PATIENT VALUES(5,'Sergey','Guryaev','Alexandrovich','+ 79874315233')
COMMIT
INSERT INTO PATIENT VALUES(6,'Lydia','Idzhilova','Alexandrovna','+ 79875315222')
COMMIT
INSERT INTO PATIENT VALUES(7,'Sergey','Kosov','Vladimirovich','+ 79974315281')
COMMIT
INSERT INTO RECIPE VALUES(1,'2019-12-08','Recipe Description','2019-12-20',0,4,5)
COMMIT
INSERT INTO RECIPE VALUES(2,'2019-12-07','Recipe Description','2019-12-25',1,2,2)
COMMIT
INSERT INTO RECIPE VALUES(3,'2019-09-07','Description','2019-11-02',2,5,6)
COMMIT
INSERT INTO RECIPE VALUES(4,'2019-12-09','Recipe','2019-12-25',1,3,4)
COMMIT
